{
  "stats": {
    "suites": 2,
    "tests": 5,
    "passes": 5,
    "pending": 0,
    "failures": 0,
    "start": "2022-09-13T20:28:48.639Z",
    "end": "2022-09-13T20:28:51.599Z",
    "duration": 2960,
    "testsRegistered": 5,
    "passPercent": 100,
    "pendingPercent": 0,
    "other": 0,
    "hasOther": false,
    "skipped": 0,
    "hasSkipped": false
  },
  "results": [
    {
      "uuid": "78763a9e-8fda-4fc6-9b27-8c7e935c5630",
      "title": "",
      "fullFile": "cypress/integration/4.carrinhos.spec.js",
      "file": "cypress/integration/4.carrinhos.spec.js",
      "beforeHooks": [],
      "afterHooks": [],
      "tests": [],
      "suites": [
        {
          "uuid": "dae11001-7f7f-4777-a125-5af9da856ae5",
          "title": "Casos de teste sobre a rota /Carrinhos da API Serverest",
          "fullFile": "",
          "file": "",
          "beforeHooks": [],
          "afterHooks": [],
          "tests": [
            {
              "title": "Deve buscar todos os carrinhos cadastrados na serverest",
              "fullTitle": "Casos de teste sobre a rota /Carrinhos da API Serverest Deve buscar todos os carrinhos cadastrados na serverest",
              "timedOut": null,
              "duration": 346,
              "state": "passed",
              "speed": "fast",
              "pass": true,
              "fail": false,
              "pending": false,
              "context": null,
              "code": "_serverest.default.buscarCarrinhos().then(res => {\n  cy.contractValidation(res, \"get-carrinhos\", 200);\n  _validaServerest.default.validarBuscaDeCarrinhos(res);\n});",
              "err": {},
              "uuid": "8f9db17f-4067-438d-b143-10761ccc9c45",
              "parentUUID": "dae11001-7f7f-4777-a125-5af9da856ae5",
              "isHook": false,
              "skipped": false
            }
          ],
          "suites": [
            {
              "uuid": "07a3ceae-31f0-4051-9833-11561548c033",
              "title": "Logar com sucesso",
              "fullFile": "",
              "file": "",
              "beforeHooks": [],
              "afterHooks": [],
              "tests": [
                {
                  "title": "Deve Criar um novo carrinho com sucesso",
                  "fullTitle": "Casos de teste sobre a rota /Carrinhos da API Serverest Logar com sucesso Deve Criar um novo carrinho com sucesso",
                  "timedOut": null,
                  "duration": 681,
                  "state": "passed",
                  "speed": "fast",
                  "pass": true,
                  "fail": false,
                  "pending": false,
                  "context": null,
                  "code": "_serverest.default.cadastrarCarrinhoComSucesso().then(res => {\n  _validaServerest.default.validarCarrinhoComSucesso(res);\n});",
                  "err": {},
                  "uuid": "29b8b629-9c7d-4c5d-9481-82fe3f09422f",
                  "parentUUID": "07a3ceae-31f0-4051-9833-11561548c033",
                  "isHook": false,
                  "skipped": false
                },
                {
                  "title": "Deve deletar um carrinho com sucesso - Concluir Compra",
                  "fullTitle": "Casos de teste sobre a rota /Carrinhos da API Serverest Logar com sucesso Deve deletar um carrinho com sucesso - Concluir Compra",
                  "timedOut": null,
                  "duration": 596,
                  "state": "passed",
                  "speed": "fast",
                  "pass": true,
                  "fail": false,
                  "pending": false,
                  "context": null,
                  "code": "_serverest.default.deletarCarrinhoCadastrado_concluir().then(res => {\n  cy.contractValidation(res, \"delete-carrinhos-concluir-compra\", 200);\n  expect(res.body.message).to.be.equal('Registro excluído com sucesso'); // Código feito com participação de Regina Azzi e Vinivius Alexandre\n});",
                  "err": {},
                  "uuid": "190d4b64-7b3e-404f-85a7-8189e4d29744",
                  "parentUUID": "07a3ceae-31f0-4051-9833-11561548c033",
                  "isHook": false,
                  "skipped": false
                },
                {
                  "title": "Deve Criar um novo carrinho com sucesso",
                  "fullTitle": "Casos de teste sobre a rota /Carrinhos da API Serverest Logar com sucesso Deve Criar um novo carrinho com sucesso",
                  "timedOut": null,
                  "duration": 634,
                  "state": "passed",
                  "speed": "fast",
                  "pass": true,
                  "fail": false,
                  "pending": false,
                  "context": null,
                  "code": "_serverest.default.cadastrarCarrinhoComSucesso().then(res => {\n  _validaServerest.default.validarCarrinhoComSucesso(res);\n});",
                  "err": {},
                  "uuid": "53afcc7f-f147-4376-a967-6ab4c7502c15",
                  "parentUUID": "07a3ceae-31f0-4051-9833-11561548c033",
                  "isHook": false,
                  "skipped": false
                },
                {
                  "title": "Deve deletar um carrinho com sucesso - Cancelar Compra",
                  "fullTitle": "Casos de teste sobre a rota /Carrinhos da API Serverest Logar com sucesso Deve deletar um carrinho com sucesso - Cancelar Compra",
                  "timedOut": null,
                  "duration": 601,
                  "state": "passed",
                  "speed": "fast",
                  "pass": true,
                  "fail": false,
                  "pending": false,
                  "context": null,
                  "code": "_serverest.default.deletarCarrinhoCadastrado_cancelar().then(res => {\n  cy.contractValidation(res, \"delete-carrinhos-cancelar-compra\", 200);\n  expect(res.body.message).to.be.equal('Registro excluído com sucesso. Estoque dos produtos reabastecido'); // Código feito com participação de Regina Azzi e Vinivius Alexandre\n});",
                  "err": {},
                  "uuid": "bb6a9733-78c2-485e-a8a5-d23160cde8f1",
                  "parentUUID": "07a3ceae-31f0-4051-9833-11561548c033",
                  "isHook": false,
                  "skipped": false
                }
              ],
              "suites": [],
              "passes": [
                "29b8b629-9c7d-4c5d-9481-82fe3f09422f",
                "190d4b64-7b3e-404f-85a7-8189e4d29744",
                "53afcc7f-f147-4376-a967-6ab4c7502c15",
                "bb6a9733-78c2-485e-a8a5-d23160cde8f1"
              ],
              "failures": [],
              "pending": [],
              "skipped": [],
              "duration": 2512,
              "root": false,
              "rootEmpty": false,
              "_timeout": 2000
            }
          ],
          "passes": [
            "8f9db17f-4067-438d-b143-10761ccc9c45"
          ],
          "failures": [],
          "pending": [],
          "skipped": [],
          "duration": 346,
          "root": false,
          "rootEmpty": false,
          "_timeout": 2000
        }
      ],
      "passes": [],
      "failures": [],
      "pending": [],
      "skipped": [],
      "duration": 0,
      "root": true,
      "rootEmpty": true,
      "_timeout": 2000
    }
  ],
  "meta": {
    "mocha": {
      "version": "7.0.1"
    },
    "mochawesome": {
      "options": {
        "quiet": false,
        "reportFilename": "mochawesome",
        "saveHtml": false,
        "saveJson": true,
        "consoleReporter": "spec",
        "useInlineDiffs": false,
        "code": true
      },
      "version": "7.1.3"
    },
    "marge": {
      "options": {
        "id": "default",
        "reportDir": "cypress/reports/mocha",
        "quite": true,
        "overwrite": false,
        "html": false,
        "json": true
      },
      "version": "6.2.0"
    }
  }
}