{
  "stats": {
    "suites": 1,
    "tests": 3,
    "passes": 2,
    "pending": 0,
    "failures": 1,
    "start": "2022-09-27T23:07:26.161Z",
    "end": "2022-09-27T23:07:28.390Z",
    "duration": 2229,
    "testsRegistered": 3,
    "passPercent": 66.66666666666666,
    "pendingPercent": 0,
    "other": 0,
    "hasOther": false,
    "skipped": 0,
    "hasSkipped": false
  },
  "results": [
    {
      "uuid": "3cf22689-5c86-490d-bd5b-4207bc725d8e",
      "title": "",
      "fullFile": "cypress/integration/2.login.spec.js",
      "file": "cypress/integration/2.login.spec.js",
      "beforeHooks": [],
      "afterHooks": [],
      "tests": [],
      "suites": [
        {
          "uuid": "75ef14de-b729-4adf-9a9a-33624cd3fe81",
          "title": "Casos de teste sobre a rota /login da API Serverest",
          "fullFile": "",
          "file": "",
          "beforeHooks": [],
          "afterHooks": [],
          "tests": [
            {
              "title": "Deve realizar login com email e senha corretos",
              "fullTitle": "Casos de teste sobre a rota /login da API Serverest Deve realizar login com email e senha corretos",
              "timedOut": null,
              "duration": 698,
              "state": "passed",
              "speed": "fast",
              "pass": true,
              "fail": false,
              "pending": false,
              "context": null,
              "code": "_serverest.default.buscarUsuariosParaLogin();\ncy.get('@usuarioLogin').then(usuario => {\n  _serverest.default.logar(usuario).then(res => {\n    cy.contractValidation(res, \"post-login\", 200);\n    _validaServerest.default.validaLoginComSucesso(res);\n    _serverest.default.salvarBearer(res);\n  });\n});",
              "err": {},
              "uuid": "a54464ee-6de5-4b68-a85c-a55a0b377c34",
              "parentUUID": "75ef14de-b729-4adf-9a9a-33624cd3fe81",
              "isHook": false,
              "skipped": false
            },
            {
              "title": "Não deve realizar login com email e senha incorretos",
              "fullTitle": "Casos de teste sobre a rota /login da API Serverest Não deve realizar login com email e senha incorretos",
              "timedOut": null,
              "duration": 266,
              "state": "passed",
              "speed": "fast",
              "pass": true,
              "fail": false,
              "pending": false,
              "context": null,
              "code": "cy.loginSemSucesso().then(res => {\n  cy.contractValidation(res, \"post-login\", 400); //login com email e senha invalidos          \n  _validaServerest.default.validaLoginSemSucesso(res);\n});",
              "err": {},
              "uuid": "db9722fb-0b67-4e7d-a072-f68cf53bc9a3",
              "parentUUID": "75ef14de-b729-4adf-9a9a-33624cd3fe81",
              "isHook": false,
              "skipped": false
            },
            {
              "title": "Não deve realizar login com email e senha em branco",
              "fullTitle": "Casos de teste sobre a rota /login da API Serverest Não deve realizar login com email e senha em branco",
              "timedOut": null,
              "duration": 998,
              "state": "failed",
              "speed": null,
              "pass": false,
              "fail": true,
              "pending": false,
              "context": null,
              "code": "cy.loginComEmailBranco().then(res => {\n  cy.contractValidation(res, \"post-login\", 400); //login com email e senha invalidos          \n  expect(res.body.message).to.be.undefined;\n});",
              "err": {
                "message": "Error: Erros encontrados na validação do contrato, por favor verifique: \n must have required property 'message', but receive object",
                "estack": "Error: Erros encontrados na validação do contrato, por favor verifique: \n must have required property 'message', but receive object\n    at Context.eval (https://serverest.dev/__cypress/tests?p=cypress\\support\\index.js:159:13)",
                "diff": null
              },
              "uuid": "d1960200-5b33-419e-a78a-72f57daeace1",
              "parentUUID": "75ef14de-b729-4adf-9a9a-33624cd3fe81",
              "isHook": false,
              "skipped": false
            }
          ],
          "suites": [],
          "passes": [
            "a54464ee-6de5-4b68-a85c-a55a0b377c34",
            "db9722fb-0b67-4e7d-a072-f68cf53bc9a3"
          ],
          "failures": [
            "d1960200-5b33-419e-a78a-72f57daeace1"
          ],
          "pending": [],
          "skipped": [],
          "duration": 1962,
          "root": false,
          "rootEmpty": false,
          "_timeout": 2000
        }
      ],
      "passes": [],
      "failures": [],
      "pending": [],
      "skipped": [],
      "duration": 0,
      "root": true,
      "rootEmpty": true,
      "_timeout": 2000
    }
  ],
  "meta": {
    "mocha": {
      "version": "7.0.1"
    },
    "mochawesome": {
      "options": {
        "quiet": false,
        "reportFilename": "mochawesome",
        "saveHtml": false,
        "saveJson": true,
        "consoleReporter": "spec",
        "useInlineDiffs": false,
        "code": true
      },
      "version": "7.1.3"
    },
    "marge": {
      "options": {
        "id": "default",
        "reportDir": "cypress/reports/mocha",
        "quite": true,
        "overwrite": false,
        "html": false,
        "json": true
      },
      "version": "6.2.0"
    }
  }
}