{
  "stats": {
    "suites": 2,
    "tests": 3,
    "passes": 3,
    "pending": 0,
    "failures": 0,
    "start": "2022-09-28T01:45:08.649Z",
    "end": "2022-09-28T01:45:10.370Z",
    "duration": 1721,
    "testsRegistered": 3,
    "passPercent": 100,
    "pendingPercent": 0,
    "other": 0,
    "hasOther": false,
    "skipped": 0,
    "hasSkipped": false
  },
  "results": [
    {
      "uuid": "3674f29c-8a0a-4a24-be2d-4401dfe0761e",
      "title": "",
      "fullFile": "cypress/integration/4.carrinhos.spec.js",
      "file": "cypress/integration/4.carrinhos.spec.js",
      "beforeHooks": [],
      "afterHooks": [],
      "tests": [],
      "suites": [
        {
          "uuid": "959a8e6d-7b2c-42c3-9896-cd10483a5260",
          "title": "Casos de teste sobre a rota /Carrinhos da API Serverest",
          "fullFile": "",
          "file": "",
          "beforeHooks": [],
          "afterHooks": [],
          "tests": [
            {
              "title": "Deve buscar todos os carrinhos cadastrados na serverest",
              "fullTitle": "Casos de teste sobre a rota /Carrinhos da API Serverest Deve buscar todos os carrinhos cadastrados na serverest",
              "timedOut": null,
              "duration": 319,
              "state": "passed",
              "speed": "fast",
              "pass": true,
              "fail": false,
              "pending": false,
              "context": null,
              "code": "_serverest.default.buscarCarrinhos().then(res => {\n  cy.contractValidation(res, \"get-carrinhos\", 200);\n  _validaServerest.default.validarBuscaDeCarrinhos(res);\n});",
              "err": {},
              "uuid": "36c1f894-24f9-4181-a352-45e9b53578d7",
              "parentUUID": "959a8e6d-7b2c-42c3-9896-cd10483a5260",
              "isHook": false,
              "skipped": false
            }
          ],
          "suites": [
            {
              "uuid": "d3d5a872-1c82-4f40-99cb-5e61f892f0a1",
              "title": "Logar com sucesso",
              "fullFile": "",
              "file": "",
              "beforeHooks": [],
              "afterHooks": [],
              "tests": [
                {
                  "title": "Deve Criar um novo carrinho com sucesso",
                  "fullTitle": "Casos de teste sobre a rota /Carrinhos da API Serverest Logar com sucesso Deve Criar um novo carrinho com sucesso",
                  "timedOut": null,
                  "duration": 663,
                  "state": "passed",
                  "speed": "fast",
                  "pass": true,
                  "fail": false,
                  "pending": false,
                  "context": null,
                  "code": "_serverest.default.cadastrarCarrinhoComSucesso().then(res => {\n  _validaServerest.default.validarCarrinhoComSucesso(res);\n});",
                  "err": {},
                  "uuid": "b265668a-7c8e-461d-a73b-8b24cf037ba0",
                  "parentUUID": "d3d5a872-1c82-4f40-99cb-5e61f892f0a1",
                  "isHook": false,
                  "skipped": false
                },
                {
                  "title": "Deve deletar um carrinho com sucesso - Concluir Compra",
                  "fullTitle": "Casos de teste sobre a rota /Carrinhos da API Serverest Logar com sucesso Deve deletar um carrinho com sucesso - Concluir Compra",
                  "timedOut": null,
                  "duration": 652,
                  "state": "passed",
                  "speed": "fast",
                  "pass": true,
                  "fail": false,
                  "pending": false,
                  "context": null,
                  "code": "_serverest.default.deletarCarrinhoCadastrado_concluir().then(res => {\n  cy.contractValidation(res, \"delete-carrinhos-concluir-compra\", 200);\n  expect(res.body.message).to.be.equal('Registro excluído com sucesso'); // Código feito com participação de Regina Azzi e Vinivius Alexandre\n});",
                  "err": {},
                  "uuid": "95517aec-f89d-4f50-91f3-f802d8e1aefc",
                  "parentUUID": "d3d5a872-1c82-4f40-99cb-5e61f892f0a1",
                  "isHook": false,
                  "skipped": false
                }
              ],
              "suites": [],
              "passes": [
                "b265668a-7c8e-461d-a73b-8b24cf037ba0",
                "95517aec-f89d-4f50-91f3-f802d8e1aefc"
              ],
              "failures": [],
              "pending": [],
              "skipped": [],
              "duration": 1315,
              "root": false,
              "rootEmpty": false,
              "_timeout": 2000
            }
          ],
          "passes": [
            "36c1f894-24f9-4181-a352-45e9b53578d7"
          ],
          "failures": [],
          "pending": [],
          "skipped": [],
          "duration": 319,
          "root": false,
          "rootEmpty": false,
          "_timeout": 2000
        }
      ],
      "passes": [],
      "failures": [],
      "pending": [],
      "skipped": [],
      "duration": 0,
      "root": true,
      "rootEmpty": true,
      "_timeout": 2000
    }
  ],
  "meta": {
    "mocha": {
      "version": "7.0.1"
    },
    "mochawesome": {
      "options": {
        "quiet": false,
        "reportFilename": "mochawesome",
        "saveHtml": false,
        "saveJson": true,
        "consoleReporter": "spec",
        "useInlineDiffs": false,
        "code": true
      },
      "version": "7.1.3"
    },
    "marge": {
      "options": {
        "id": "default",
        "reportDir": "cypress/reports/mocha",
        "quite": true,
        "overwrite": false,
        "html": false,
        "json": true
      },
      "version": "6.2.0"
    }
  }
}