{
  "stats": {
    "suites": 2,
    "tests": 4,
    "passes": 4,
    "pending": 0,
    "failures": 0,
    "start": "2022-09-28T01:44:56.946Z",
    "end": "2022-09-28T01:44:59.420Z",
    "duration": 2474,
    "testsRegistered": 4,
    "passPercent": 100,
    "pendingPercent": 0,
    "other": 0,
    "hasOther": false,
    "skipped": 0,
    "hasSkipped": false
  },
  "results": [
    {
      "uuid": "c3f4bf84-2dce-4e71-987b-7a594d31a81b",
      "title": "",
      "fullFile": "cypress/integration/3.produtos.spec.js",
      "file": "cypress/integration/3.produtos.spec.js",
      "beforeHooks": [],
      "afterHooks": [],
      "tests": [],
      "suites": [
        {
          "uuid": "889fe9a5-3a72-41e7-817c-709cbc277904",
          "title": "Casos de teste sobre a rota /produtos da API Serverest",
          "fullFile": "",
          "file": "",
          "beforeHooks": [],
          "afterHooks": [],
          "tests": [
            {
              "title": "Deve Buscar todos os produtos cadastrados",
              "fullTitle": "Casos de teste sobre a rota /produtos da API Serverest Deve Buscar todos os produtos cadastrados",
              "timedOut": null,
              "duration": 381,
              "state": "passed",
              "speed": "fast",
              "pass": true,
              "fail": false,
              "pending": false,
              "context": null,
              "code": "_serverest.default.buscarProdutos().then(res => {\n  _validaServerest.default.validarBuscaDeProdutos(res);\n});",
              "err": {},
              "uuid": "d873a8a9-b81d-4dd7-8f3b-c7569c011de5",
              "parentUUID": "889fe9a5-3a72-41e7-817c-709cbc277904",
              "isHook": false,
              "skipped": false
            }
          ],
          "suites": [
            {
              "uuid": "a61ff3fe-66fc-42f0-96bc-f974892bfc1e",
              "title": "Logar com sucesso",
              "fullFile": "",
              "file": "",
              "beforeHooks": [],
              "afterHooks": [],
              "tests": [
                {
                  "title": "Deve Cadastrar um novo produto com sucesso",
                  "fullTitle": "Casos de teste sobre a rota /produtos da API Serverest Logar com sucesso Deve Cadastrar um novo produto com sucesso",
                  "timedOut": null,
                  "duration": 720,
                  "state": "passed",
                  "speed": "fast",
                  "pass": true,
                  "fail": false,
                  "pending": false,
                  "context": null,
                  "code": "_serverest.default.cadastrarProdutoComSucesso().then(res => {\n  cy.contractValidation(res, 'post-produtos', 201);\n  _validaServerest.default.validarCadastroDeProdutoComSucesso(res);\n});",
                  "err": {},
                  "uuid": "e58b8f9b-8e3c-405c-b2c3-3f5e651d5040",
                  "parentUUID": "a61ff3fe-66fc-42f0-96bc-f974892bfc1e",
                  "isHook": false,
                  "skipped": false
                },
                {
                  "title": "Deve Buscar produto por id",
                  "fullTitle": "Casos de teste sobre a rota /produtos da API Serverest Logar com sucesso Deve Buscar produto por id",
                  "timedOut": null,
                  "duration": 673,
                  "state": "passed",
                  "speed": "fast",
                  "pass": true,
                  "fail": false,
                  "pending": false,
                  "context": null,
                  "code": "_serverest.default.buscarProdutoPorId().then(res => {\n  cy.contractValidation(res, 'get-produtos', 200);\n  _validaServerest.default.validarBuscaDeProdutosPorId(res);\n});",
                  "err": {},
                  "uuid": "69c465e2-668d-467d-8947-7cb01b763ce7",
                  "parentUUID": "a61ff3fe-66fc-42f0-96bc-f974892bfc1e",
                  "isHook": false,
                  "skipped": false
                },
                {
                  "title": "Deve Alterar um produto por id",
                  "fullTitle": "Casos de teste sobre a rota /produtos da API Serverest Logar com sucesso Deve Alterar um produto por id",
                  "timedOut": null,
                  "duration": 619,
                  "state": "passed",
                  "speed": "fast",
                  "pass": true,
                  "fail": false,
                  "pending": false,
                  "context": null,
                  "code": "_serverest.default.editarProdutoPorId().then(res => {\n  expect(res.body.message).to.be.equal('Registro alterado com sucesso');\n});",
                  "err": {},
                  "uuid": "8ee32398-5c52-46eb-bd94-a509c27e496e",
                  "parentUUID": "a61ff3fe-66fc-42f0-96bc-f974892bfc1e",
                  "isHook": false,
                  "skipped": false
                }
              ],
              "suites": [],
              "passes": [
                "e58b8f9b-8e3c-405c-b2c3-3f5e651d5040",
                "69c465e2-668d-467d-8947-7cb01b763ce7",
                "8ee32398-5c52-46eb-bd94-a509c27e496e"
              ],
              "failures": [],
              "pending": [],
              "skipped": [],
              "duration": 2012,
              "root": false,
              "rootEmpty": false,
              "_timeout": 2000
            }
          ],
          "passes": [
            "d873a8a9-b81d-4dd7-8f3b-c7569c011de5"
          ],
          "failures": [],
          "pending": [],
          "skipped": [],
          "duration": 381,
          "root": false,
          "rootEmpty": false,
          "_timeout": 2000
        }
      ],
      "passes": [],
      "failures": [],
      "pending": [],
      "skipped": [],
      "duration": 0,
      "root": true,
      "rootEmpty": true,
      "_timeout": 2000
    }
  ],
  "meta": {
    "mocha": {
      "version": "7.0.1"
    },
    "mochawesome": {
      "options": {
        "quiet": false,
        "reportFilename": "mochawesome",
        "saveHtml": false,
        "saveJson": true,
        "consoleReporter": "spec",
        "useInlineDiffs": false,
        "code": true
      },
      "version": "7.1.3"
    },
    "marge": {
      "options": {
        "id": "default",
        "reportDir": "cypress/reports/mocha",
        "quite": true,
        "overwrite": false,
        "html": false,
        "json": true
      },
      "version": "6.2.0"
    }
  }
}