{
  "stats": {
    "suites": 1,
    "tests": 3,
    "passes": 2,
    "pending": 0,
    "failures": 1,
    "start": "2022-09-28T01:44:44.901Z",
    "end": "2022-09-28T01:44:46.907Z",
    "duration": 2006,
    "testsRegistered": 3,
    "passPercent": 66.66666666666666,
    "pendingPercent": 0,
    "other": 0,
    "hasOther": false,
    "skipped": 0,
    "hasSkipped": false
  },
  "results": [
    {
      "uuid": "1d9a860d-246d-4366-b470-3dde188d6fde",
      "title": "",
      "fullFile": "cypress/integration/2.login.spec.js",
      "file": "cypress/integration/2.login.spec.js",
      "beforeHooks": [],
      "afterHooks": [],
      "tests": [],
      "suites": [
        {
          "uuid": "d9438504-090c-4e7c-897d-2a58fe4caa4f",
          "title": "Casos de teste sobre a rota /login da API Serverest",
          "fullFile": "",
          "file": "",
          "beforeHooks": [],
          "afterHooks": [],
          "tests": [
            {
              "title": "Deve realizar login com email e senha corretos",
              "fullTitle": "Casos de teste sobre a rota /login da API Serverest Deve realizar login com email e senha corretos",
              "timedOut": null,
              "duration": 637,
              "state": "passed",
              "speed": "fast",
              "pass": true,
              "fail": false,
              "pending": false,
              "context": null,
              "code": "_serverest.default.buscarUsuariosParaLogin();\ncy.get('@usuarioLogin').then(usuario => {\n  _serverest.default.logar(usuario).then(res => {\n    cy.contractValidation(res, \"post-login\", 200);\n    _validaServerest.default.validaLoginComSucesso(res);\n    _serverest.default.salvarBearer(res);\n  });\n});",
              "err": {},
              "uuid": "873eca0b-7807-4046-8f7a-a34db2f67ef9",
              "parentUUID": "d9438504-090c-4e7c-897d-2a58fe4caa4f",
              "isHook": false,
              "skipped": false
            },
            {
              "title": "Não deve realizar login com email e senha incorretos",
              "fullTitle": "Casos de teste sobre a rota /login da API Serverest Não deve realizar login com email e senha incorretos",
              "timedOut": null,
              "duration": 220,
              "state": "passed",
              "speed": "fast",
              "pass": true,
              "fail": false,
              "pending": false,
              "context": null,
              "code": "cy.loginSemSucesso().then(res => {\n  cy.contractValidation(res, \"post-login\", 400); //login com email e senha invalidos          \n  _validaServerest.default.validaLoginSemSucesso(res);\n});",
              "err": {},
              "uuid": "30c1e2c1-6266-4c67-ab19-cfd209311865",
              "parentUUID": "d9438504-090c-4e7c-897d-2a58fe4caa4f",
              "isHook": false,
              "skipped": false
            },
            {
              "title": "Não deve realizar login com email e senha em branco",
              "fullTitle": "Casos de teste sobre a rota /login da API Serverest Não deve realizar login com email e senha em branco",
              "timedOut": null,
              "duration": 970,
              "state": "failed",
              "speed": null,
              "pass": false,
              "fail": true,
              "pending": false,
              "context": null,
              "code": "cy.loginComEmailBranco().then(res => {\n  cy.contractValidation(res, \"post-login\", 400); //login com email e senha invalidos          \n  expect(res.body.message).to.be.undefined;\n});",
              "err": {
                "message": "Error: Erros encontrados na validação do contrato, por favor verifique: \n must have required property 'message', but receive object",
                "estack": "Error: Erros encontrados na validação do contrato, por favor verifique: \n must have required property 'message', but receive object\n    at Context.eval (https://serverest.dev/__cypress/tests?p=cypress\\support\\index.js:159:13)",
                "diff": null
              },
              "uuid": "1e5b7a98-45a1-4cf9-9411-946dbda83484",
              "parentUUID": "d9438504-090c-4e7c-897d-2a58fe4caa4f",
              "isHook": false,
              "skipped": false
            }
          ],
          "suites": [],
          "passes": [
            "873eca0b-7807-4046-8f7a-a34db2f67ef9",
            "30c1e2c1-6266-4c67-ab19-cfd209311865"
          ],
          "failures": [
            "1e5b7a98-45a1-4cf9-9411-946dbda83484"
          ],
          "pending": [],
          "skipped": [],
          "duration": 1827,
          "root": false,
          "rootEmpty": false,
          "_timeout": 2000
        }
      ],
      "passes": [],
      "failures": [],
      "pending": [],
      "skipped": [],
      "duration": 0,
      "root": true,
      "rootEmpty": true,
      "_timeout": 2000
    }
  ],
  "meta": {
    "mocha": {
      "version": "7.0.1"
    },
    "mochawesome": {
      "options": {
        "quiet": false,
        "reportFilename": "mochawesome",
        "saveHtml": false,
        "saveJson": true,
        "consoleReporter": "spec",
        "useInlineDiffs": false,
        "code": true
      },
      "version": "7.1.3"
    },
    "marge": {
      "options": {
        "id": "default",
        "reportDir": "cypress/reports/mocha",
        "quite": true,
        "overwrite": false,
        "html": false,
        "json": true
      },
      "version": "6.2.0"
    }
  }
}