{
  "stats": {
    "suites": 4,
    "tests": 15,
    "passes": 11,
    "pending": 0,
    "failures": 4,
    "start": "2022-09-12T16:43:40.796Z",
    "end": "2022-09-12T16:44:20.594Z",
    "duration": 10176,
    "testsRegistered": 15,
    "passPercent": 73.33333333333333,
    "pendingPercent": 0,
    "other": 0,
    "hasOther": false,
    "skipped": 0,
    "hasSkipped": false
  },
  "results": [
    {
      "uuid": "67c1999a-ac71-41d6-8faf-70519dfa8a4a",
      "title": "",
      "fullFile": "cypress/integration/2.login.spec.js",
      "file": "cypress/integration/2.login.spec.js",
      "beforeHooks": [],
      "afterHooks": [],
      "tests": [],
      "suites": [
        {
          "uuid": "4a184a23-82ed-4bba-bd0a-cd7ee717119e",
          "title": "Casos de teste sobre a rota /login da API Serverest",
          "fullFile": "",
          "file": "",
          "beforeHooks": [],
          "afterHooks": [],
          "tests": [
            {
              "title": "Deve realizar login com suscesso",
              "fullTitle": "Casos de teste sobre a rota /login da API Serverest Deve realizar login com suscesso",
              "timedOut": null,
              "duration": 473,
              "state": "passed",
              "speed": "fast",
              "pass": true,
              "fail": false,
              "pending": false,
              "context": null,
              "code": "_serverest.default.buscarUsuariosParaLogin();\ncy.get('@usuarioLogin').then(usuario => {\n  _serverest.default.logar(usuario).then(res => {\n    _validaServerest.default.validaLoginComSucesso(res);\n    _serverest.default.salvarBearer(res);\n  });\n});",
              "err": {},
              "uuid": "a906f87b-189e-4313-b82d-f8022e6d1cee",
              "parentUUID": "4a184a23-82ed-4bba-bd0a-cd7ee717119e",
              "isHook": false,
              "skipped": false
            },
            {
              "title": "Deve realizar login sem suscesso",
              "fullTitle": "Casos de teste sobre a rota /login da API Serverest Deve realizar login sem suscesso",
              "timedOut": null,
              "duration": 347,
              "state": "passed",
              "speed": "fast",
              "pass": true,
              "fail": false,
              "pending": false,
              "context": null,
              "code": "cy.loginSemSucesso().then(res => {\n  cy.contractValidation(res, \"get-login\", 401); //login com email e senha invalidos          \n  _validaServerest.default.validaLoginSemSucesso(res);\n});",
              "err": {},
              "uuid": "bd2beded-cb13-4ee4-be9c-118327607bcc",
              "parentUUID": "4a184a23-82ed-4bba-bd0a-cd7ee717119e",
              "isHook": false,
              "skipped": false
            }
          ],
          "suites": [],
          "passes": [
            "a906f87b-189e-4313-b82d-f8022e6d1cee",
            "bd2beded-cb13-4ee4-be9c-118327607bcc"
          ],
          "failures": [],
          "pending": [],
          "skipped": [],
          "duration": 820,
          "root": false,
          "rootEmpty": false,
          "_timeout": 2000
        }
      ],
      "passes": [],
      "failures": [],
      "pending": [],
      "skipped": [],
      "duration": 0,
      "root": true,
      "rootEmpty": true,
      "_timeout": 2000
    },
    {
      "uuid": "9a5bbb93-b211-4e81-b978-1cc18e2e0067",
      "title": "",
      "fullFile": "cypress/integration/3.produtos.spec.js",
      "file": "cypress/integration/3.produtos.spec.js",
      "beforeHooks": [],
      "afterHooks": [],
      "tests": [],
      "suites": [
        {
          "uuid": "d4b1601c-0a3c-48d7-8dec-3f5fdf3995ef",
          "title": "Casos de teste sobre a rota /produtos da API Serverest",
          "fullFile": "",
          "file": "",
          "beforeHooks": [],
          "afterHooks": [],
          "tests": [
            {
              "title": "Deve buscar todos os produtos cadastrados",
              "fullTitle": "Casos de teste sobre a rota /produtos da API Serverest Deve buscar todos os produtos cadastrados",
              "timedOut": null,
              "duration": 417,
              "state": "passed",
              "speed": "fast",
              "pass": true,
              "fail": false,
              "pending": false,
              "context": null,
              "code": "_serverest.default.buscarProdutos().then(res => {\n  _validaServerest.default.validarBuscaDeProdutos(res);\n});",
              "err": {},
              "uuid": "050f88b1-8471-4dce-ad78-66923945e51b",
              "parentUUID": "d4b1601c-0a3c-48d7-8dec-3f5fdf3995ef",
              "isHook": false,
              "skipped": false
            }
          ],
          "suites": [
            {
              "uuid": "22e98c2f-7f99-497e-970e-09630d8d6767",
              "title": "Logar com sucesso",
              "fullFile": "",
              "file": "",
              "beforeHooks": [],
              "afterHooks": [],
              "tests": [
                {
                  "title": "Deve postar um novo produto com sucesso",
                  "fullTitle": "Casos de teste sobre a rota /produtos da API Serverest Logar com sucesso Deve postar um novo produto com sucesso",
                  "timedOut": null,
                  "duration": 1026,
                  "state": "passed",
                  "speed": "fast",
                  "pass": true,
                  "fail": false,
                  "pending": false,
                  "context": null,
                  "code": "_serverest.default.cadastrarProdutoComSucesso().then(res => {\n  _validaServerest.default.validarCadastroDeProdutoComSucesso(res);\n});",
                  "err": {},
                  "uuid": "9f7b6c11-7d8c-4917-9ac0-d12b45cf0881",
                  "parentUUID": "22e98c2f-7f99-497e-970e-09630d8d6767",
                  "isHook": false,
                  "skipped": false
                },
                {
                  "title": "Deve deletar um produto com sucesso",
                  "fullTitle": "Casos de teste sobre a rota /produtos da API Serverest Logar com sucesso Deve deletar um produto com sucesso",
                  "timedOut": null,
                  "duration": 847,
                  "state": "passed",
                  "speed": "fast",
                  "pass": true,
                  "fail": false,
                  "pending": false,
                  "context": null,
                  "code": "_serverest.default.deletarProdutoCadastrado().then(res => {\n  cy.contractValidation(res, \"delete-produtos{_id}\", 200);\n  expect(res.body.message).to.be.equal('Registro excluído com sucesso');\n});",
                  "err": {},
                  "uuid": "5e4140b2-dfee-42c0-9c4e-974ad775f6df",
                  "parentUUID": "22e98c2f-7f99-497e-970e-09630d8d6767",
                  "isHook": false,
                  "skipped": false
                }
              ],
              "suites": [],
              "passes": [
                "9f7b6c11-7d8c-4917-9ac0-d12b45cf0881",
                "5e4140b2-dfee-42c0-9c4e-974ad775f6df"
              ],
              "failures": [],
              "pending": [],
              "skipped": [],
              "duration": 1873,
              "root": false,
              "rootEmpty": false,
              "_timeout": 2000
            }
          ],
          "passes": [
            "050f88b1-8471-4dce-ad78-66923945e51b"
          ],
          "failures": [],
          "pending": [],
          "skipped": [],
          "duration": 417,
          "root": false,
          "rootEmpty": false,
          "_timeout": 2000
        }
      ],
      "passes": [],
      "failures": [],
      "pending": [],
      "skipped": [],
      "duration": 0,
      "root": true,
      "rootEmpty": true,
      "_timeout": 2000
    },
    {
      "uuid": "c58ff518-180b-4385-a111-0d74dd28c8d1",
      "title": "",
      "fullFile": "cypress/integration/4.carrinhos.spec.js",
      "file": "cypress/integration/4.carrinhos.spec.js",
      "beforeHooks": [],
      "afterHooks": [],
      "tests": [],
      "suites": [
        {
          "uuid": "0401fb1b-e6c2-4b23-968c-860d97098fa5",
          "title": "Casos de teste sobre a rota /Carrinhos da API Serverest",
          "fullFile": "",
          "file": "",
          "beforeHooks": [],
          "afterHooks": [],
          "tests": [
            {
              "title": "Deve buscar todos os carrinhos cadastrados na serverest",
              "fullTitle": "Casos de teste sobre a rota /Carrinhos da API Serverest Deve buscar todos os carrinhos cadastrados na serverest",
              "timedOut": null,
              "duration": 354,
              "state": "passed",
              "speed": "fast",
              "pass": true,
              "fail": false,
              "pending": false,
              "context": null,
              "code": "_serverest.default.buscarCarrinhos().then(res => {\n  cy.contractValidation(res, \"get-carrinhos\", 200);\n  _validaServerest.default.validarBuscaDeCarrinhos(res);\n});",
              "err": {},
              "uuid": "4ed6a6bd-5ecc-4a61-abc1-ef6e4919b870",
              "parentUUID": "0401fb1b-e6c2-4b23-968c-860d97098fa5",
              "isHook": false,
              "skipped": false
            }
          ],
          "suites": [
            {
              "uuid": "deee1726-1ea7-48ee-a7e5-21d1461d47d9",
              "title": "Logar com sucesso",
              "fullFile": "",
              "file": "",
              "beforeHooks": [],
              "afterHooks": [],
              "tests": [
                {
                  "title": "Deve Criar um novo carrinho com sucesso",
                  "fullTitle": "Casos de teste sobre a rota /Carrinhos da API Serverest Logar com sucesso Deve Criar um novo carrinho com sucesso",
                  "timedOut": null,
                  "duration": 1305,
                  "state": "failed",
                  "speed": null,
                  "pass": false,
                  "fail": true,
                  "pending": false,
                  "context": null,
                  "code": "_serverest.default.cadastrarCarrinhoComSucesso().then(res => {\n  _validaServerest.default.validarCarrinhoComSucesso(res);\n});",
                  "err": {
                    "message": "AssertionError: expected undefined to be a string",
                    "estack": "AssertionError: expected undefined to be a string\n    at Function.validarCarrinhoComSucesso (https://serverest.dev/__cypress/tests?p=cypress\\integration\\4.carrinhos.spec.js:403:37)\n    at Context.eval (https://serverest.dev/__cypress/tests?p=cypress\\integration\\4.carrinhos.spec.js:195:34)",
                    "diff": null
                  },
                  "uuid": "978e54a5-545c-402e-aa3f-62191e274101",
                  "parentUUID": "deee1726-1ea7-48ee-a7e5-21d1461d47d9",
                  "isHook": false,
                  "skipped": false
                },
                {
                  "title": "Deve deletar um carrinho com sucesso - Concluir Compra",
                  "fullTitle": "Casos de teste sobre a rota /Carrinhos da API Serverest Logar com sucesso Deve deletar um carrinho com sucesso - Concluir Compra",
                  "timedOut": null,
                  "duration": 1084,
                  "state": "failed",
                  "speed": null,
                  "pass": false,
                  "fail": true,
                  "pending": false,
                  "context": null,
                  "code": "_serverest.default.deletarCarrinhoCadastrado_concluir().then(res => {\n  cy.contractValidation(res, \"delete-carrinhos-concluir-compra\", 200);\n  expect(res.body.message).to.be.equal('Registro excluído com sucesso'); // Código feito com participação de Regina Azzi e Vinivius Alexandre\n});",
                  "err": {
                    "message": "AssertionError: expected 'Não foi encontrado carrinho para esse usuário' to equal 'Registro excluído com sucesso'",
                    "estack": "AssertionError: expected 'Não foi encontrado carrinho para esse usuário' to equal 'Registro excluído com sucesso'\n    at Context.eval (https://serverest.dev/__cypress/tests?p=cypress\\integration\\4.carrinhos.spec.js:201:40)",
                    "diff": "- 'Não foi encontrado carrinho para esse usuário'\n+ 'Registro excluído com sucesso'\n"
                  },
                  "uuid": "4ee3c199-53f1-4d54-b941-20ed042a0902",
                  "parentUUID": "deee1726-1ea7-48ee-a7e5-21d1461d47d9",
                  "isHook": false,
                  "skipped": false
                },
                {
                  "title": "Deve Criar um novo carrinho com sucesso",
                  "fullTitle": "Casos de teste sobre a rota /Carrinhos da API Serverest Logar com sucesso Deve Criar um novo carrinho com sucesso",
                  "timedOut": null,
                  "duration": 1276,
                  "state": "failed",
                  "speed": null,
                  "pass": false,
                  "fail": true,
                  "pending": false,
                  "context": null,
                  "code": "_serverest.default.cadastrarCarrinhoComSucesso().then(res => {\n  _validaServerest.default.validarCarrinhoComSucesso(res);\n});",
                  "err": {
                    "message": "AssertionError: expected undefined to be a string",
                    "estack": "AssertionError: expected undefined to be a string\n    at Function.validarCarrinhoComSucesso (https://serverest.dev/__cypress/tests?p=cypress\\integration\\4.carrinhos.spec.js:403:37)\n    at Context.eval (https://serverest.dev/__cypress/tests?p=cypress\\integration\\4.carrinhos.spec.js:206:34)",
                    "diff": null
                  },
                  "uuid": "6e483303-2b64-4be0-951a-b00b42859e2b",
                  "parentUUID": "deee1726-1ea7-48ee-a7e5-21d1461d47d9",
                  "isHook": false,
                  "skipped": false
                },
                {
                  "title": "Deve deletar um carrinho com sucesso - Cancelar Compra",
                  "fullTitle": "Casos de teste sobre a rota /Carrinhos da API Serverest Logar com sucesso Deve deletar um carrinho com sucesso - Cancelar Compra",
                  "timedOut": null,
                  "duration": 1404,
                  "state": "failed",
                  "speed": null,
                  "pass": false,
                  "fail": true,
                  "pending": false,
                  "context": null,
                  "code": "_serverest.default.deletarCarrinhoCadastrado_cancelar().then(res => {\n  cy.contractValidation(res, \"delete-carrinhos-cancelar-compra\", 200);\n  expect(res.body.message).to.be.equal('Registro excluído com sucesso. Estoque dos produtos reabastecido'); // Código feito com participação de Regina Azzi e Vinivius Alexandre\n});",
                  "err": {
                    "message": "AssertionError: expected 'Não foi encontrado carrinho para esse usuário' to equal 'Registro excluído com sucesso. Estoque dos produtos reabastecido'",
                    "estack": "AssertionError: expected 'Não foi encontrado carrinho para esse usuário' to equal 'Registro excluído com sucesso. Estoque dos produtos reabastecido'\n    at Context.eval (https://serverest.dev/__cypress/tests?p=cypress\\integration\\4.carrinhos.spec.js:212:40)",
                    "diff": "- 'Não foi encontrado carrinho para esse usuário'\n+ 'Registro excluído com sucesso. Estoque dos produtos reabastecido'\n"
                  },
                  "uuid": "3f2e686a-d4bf-4669-bab2-0f3eb82f8995",
                  "parentUUID": "deee1726-1ea7-48ee-a7e5-21d1461d47d9",
                  "isHook": false,
                  "skipped": false
                }
              ],
              "suites": [],
              "passes": [],
              "failures": [
                "978e54a5-545c-402e-aa3f-62191e274101",
                "4ee3c199-53f1-4d54-b941-20ed042a0902",
                "6e483303-2b64-4be0-951a-b00b42859e2b",
                "3f2e686a-d4bf-4669-bab2-0f3eb82f8995"
              ],
              "pending": [],
              "skipped": [],
              "duration": 5069,
              "root": false,
              "rootEmpty": false,
              "_timeout": 2000
            }
          ],
          "passes": [
            "4ed6a6bd-5ecc-4a61-abc1-ef6e4919b870"
          ],
          "failures": [],
          "pending": [],
          "skipped": [],
          "duration": 354,
          "root": false,
          "rootEmpty": false,
          "_timeout": 2000
        }
      ],
      "passes": [],
      "failures": [],
      "pending": [],
      "skipped": [],
      "duration": 0,
      "root": true,
      "rootEmpty": true,
      "_timeout": 2000
    },
    {
      "uuid": "99da990b-0069-46a5-89bb-e598e0576a1c",
      "title": "",
      "fullFile": "cypress/integration/1.usuarios.spec.js",
      "file": "cypress/integration/1.usuarios.spec.js",
      "beforeHooks": [],
      "afterHooks": [],
      "tests": [],
      "suites": [
        {
          "uuid": "63deab9d-9ba2-4881-b314-1e0d89e64b30",
          "title": "Casos de teste sobre a rota /usuarios da API Serverest",
          "fullFile": "",
          "file": "",
          "beforeHooks": [],
          "afterHooks": [],
          "tests": [
            {
              "title": "Deve buscar todos os usuarios cadastrados na serverest",
              "fullTitle": "Casos de teste sobre a rota /usuarios da API Serverest Deve buscar todos os usuarios cadastrados na serverest",
              "timedOut": null,
              "duration": 621,
              "state": "passed",
              "speed": "fast",
              "pass": true,
              "fail": false,
              "pending": false,
              "context": null,
              "code": "_serverest.default.buscarUsuarios().then(res => {\n  cy.log('Será validado o contrato');\n  cy.contractValidation(res, \"get-usuarios\", 200);\n  _validaServerest.default.validarBuscaDeUsuarios(res);\n});",
              "err": {},
              "uuid": "cc8b9981-32bc-49f8-a438-f70ebe796fb7",
              "parentUUID": "63deab9d-9ba2-4881-b314-1e0d89e64b30",
              "isHook": false,
              "skipped": false
            },
            {
              "title": "Não deve postar um novo usuário administrador existente",
              "fullTitle": "Casos de teste sobre a rota /usuarios da API Serverest Não deve postar um novo usuário administrador existente",
              "timedOut": null,
              "duration": 234,
              "state": "passed",
              "speed": "fast",
              "pass": true,
              "fail": false,
              "pending": false,
              "context": null,
              "code": "cy.postarUsuarioSemSucesso().then(res => {\n  cy.contractValidation(res, \"post-usuarios\", 400);\n  expect(res.body.message).to.be.eq('Este email já está sendo usado');\n});",
              "err": {},
              "uuid": "8ac1fb99-4bf4-4cba-8609-ae44cc20b715",
              "parentUUID": "63deab9d-9ba2-4881-b314-1e0d89e64b30",
              "isHook": false,
              "skipped": false
            },
            {
              "title": "Deve realizar login com suscesso",
              "fullTitle": "Casos de teste sobre a rota /usuarios da API Serverest Deve realizar login com suscesso",
              "timedOut": null,
              "duration": 449,
              "state": "passed",
              "speed": "fast",
              "pass": true,
              "fail": false,
              "pending": false,
              "context": null,
              "code": "_serverest.default.buscarUsuariosParaLogin();\ncy.get('@usuarioLogin').then(usuario => {\n  _serverest.default.logar(usuario).then(res => {\n    _validaServerest.default.validaLoginComSucesso(res);\n    _serverest.default.salvarBearer(res);\n  });\n});",
              "err": {},
              "uuid": "56582864-3716-4618-a182-64093dcd6bdc",
              "parentUUID": "63deab9d-9ba2-4881-b314-1e0d89e64b30",
              "isHook": false,
              "skipped": false
            },
            {
              "title": "Deve buscar e salvar um usuário em um arquivo json",
              "fullTitle": "Casos de teste sobre a rota /usuarios da API Serverest Deve buscar e salvar um usuário em um arquivo json",
              "timedOut": null,
              "duration": 266,
              "state": "passed",
              "speed": "fast",
              "pass": true,
              "fail": false,
              "pending": false,
              "context": null,
              "code": "_serverest.default.buscarUsuarios().then(res => {\n  let qtd_usuarios = res.body.quantidade;\n  let inteiro = _factory.default.gerarInteiroAleatorio();\n  cy.writeFile('./cypress/fixtures/usuario.json', res.body.usuarios[inteiro]);\n  _validaServerest.default.validarBuscaDeUsuarios(res);\n});",
              "err": {},
              "uuid": "b9e25b95-a757-43ae-9263-cb7fc9750abe",
              "parentUUID": "63deab9d-9ba2-4881-b314-1e0d89e64b30",
              "isHook": false,
              "skipped": false
            },
            {
              "title": "Deve buscar o usuário de uma arquivo json",
              "fullTitle": "Casos de teste sobre a rota /usuarios da API Serverest Deve buscar o usuário de uma arquivo json",
              "timedOut": null,
              "duration": 73,
              "state": "passed",
              "speed": "fast",
              "pass": true,
              "fail": false,
              "pending": false,
              "context": null,
              "code": "cy.fixture('usuario.json').then(json => {\n  let usuario = {\n    email: json.email,\n    password: json.password\n  };\n});",
              "err": {},
              "uuid": "32ca17f5-3154-430b-8441-8fba06dec092",
              "parentUUID": "63deab9d-9ba2-4881-b314-1e0d89e64b30",
              "isHook": false,
              "skipped": false
            }
          ],
          "suites": [],
          "passes": [
            "cc8b9981-32bc-49f8-a438-f70ebe796fb7",
            "8ac1fb99-4bf4-4cba-8609-ae44cc20b715",
            "56582864-3716-4618-a182-64093dcd6bdc",
            "b9e25b95-a757-43ae-9263-cb7fc9750abe",
            "32ca17f5-3154-430b-8441-8fba06dec092"
          ],
          "failures": [],
          "pending": [],
          "skipped": [],
          "duration": 1643,
          "root": false,
          "rootEmpty": false,
          "_timeout": 2000
        }
      ],
      "passes": [],
      "failures": [],
      "pending": [],
      "skipped": [],
      "duration": 0,
      "root": true,
      "rootEmpty": true,
      "_timeout": 2000
    }
  ],
  "meta": {
    "mocha": {
      "version": "7.0.1"
    },
    "mochawesome": {
      "options": {
        "quiet": false,
        "reportFilename": "mochawesome",
        "saveHtml": false,
        "saveJson": true,
        "consoleReporter": "spec",
        "useInlineDiffs": false,
        "code": true
      },
      "version": "7.1.3"
    },
    "marge": {
      "options": {
        "id": "default",
        "reportDir": "cypress/reports/mocha",
        "quite": true,
        "overwrite": false,
        "html": false,
        "json": true
      },
      "version": "6.2.0"
    }
  }
}